<?xml version="1.0" encoding="UTF-8"?>
<testsuite xmlns:xsi="http://www.w3.org/2001/XMLSchema-instance" xsi:noNamespaceSchemaLocation="https://maven.apache.org/surefire/maven-surefire-plugin/xsd/surefire-test-report.xsd" name="com.jaccro.AppTest" time="0.053" tests="1" errors="0" skipped="0" failures="0">
  <properties>
    <property name="awt.toolkit" value="sun.awt.X11.XToolkit"/>
    <property name="java.specification.version" value="11"/>
    <property name="sun.cpu.isalist" value=""/>
    <property name="sun.jnu.encoding" value="UTF-8"/>
    <property name="java.class.path" value="/home/jaccro/projects/java/procesos_tdp/generacion-excel-bluebook/target/test-classes:/home/jaccro/projects/java/procesos_tdp/generacion-excel-bluebook/target/classes:/home/jaccro/.m2/repository/junit/junit/4.11/junit-4.11.jar:/home/jaccro/.m2/repository/org/hamcrest/hamcrest-core/1.3/hamcrest-core-1.3.jar:/home/jaccro/.m2/repository/org/apache/poi/poi/4.1.2/poi-4.1.2.jar:/home/jaccro/.m2/repository/commons-codec/commons-codec/1.13/commons-codec-1.13.jar:/home/jaccro/.m2/repository/org/apache/commons/commons-collections4/4.4/commons-collections4-4.4.jar:/home/jaccro/.m2/repository/org/apache/commons/commons-math3/3.6.1/commons-math3-3.6.1.jar:/home/jaccro/.m2/repository/com/zaxxer/SparseBitSet/1.2/SparseBitSet-1.2.jar:/home/jaccro/.m2/repository/org/apache/poi/poi-ooxml/4.1.2/poi-ooxml-4.1.2.jar:/home/jaccro/.m2/repository/org/apache/poi/poi-ooxml-schemas/4.1.2/poi-ooxml-schemas-4.1.2.jar:/home/jaccro/.m2/repository/org/apache/xmlbeans/xmlbeans/3.1.0/xmlbeans-3.1.0.jar:/home/jaccro/.m2/repository/org/apache/commons/commons-compress/1.19/commons-compress-1.19.jar:/home/jaccro/.m2/repository/com/github/virtuald/curvesapi/1.06/curvesapi-1.06.jar:/home/jaccro/.m2/repository/com/ibm/db2/jcc/11.1.4.4/jcc-11.1.4.4.jar:/home/jaccro/.m2/repository/org/projectlombok/lombok/1.18.12/lombok-1.18.12.jar:/home/jaccro/.m2/repository/org/apache/commons/commons-dbcp2/2.9.0/commons-dbcp2-2.9.0.jar:/home/jaccro/.m2/repository/org/apache/commons/commons-pool2/2.10.0/commons-pool2-2.10.0.jar:/home/jaccro/.m2/repository/commons-logging/commons-logging/1.2/commons-logging-1.2.jar:/home/jaccro/.m2/repository/org/apache/logging/log4j/log4j-core/2.13.3/log4j-core-2.13.3.jar:/home/jaccro/.m2/repository/org/apache/logging/log4j/log4j-api/2.13.3/log4j-api-2.13.3.jar:"/>
    <property name="java.vm.vendor" value="Oracle Corporation"/>
    <property name="sun.arch.data.model" value="64"/>
    <property name="java.vendor.url" value="http://java.oracle.com/"/>
    <property name="user.timezone" value=""/>
    <property name="java.vm.specification.version" value="11"/>
    <property name="os.name" value="Linux"/>
    <property name="outputDirectory" value="target/lib"/>
    <property name="sun.java.launcher" value="SUN_STANDARD"/>
    <property name="user.country" value="PE"/>
    <property name="sun.boot.library.path" value="/opt/jdk11/lib"/>
    <property name="sun.java.command" value="/home/jaccro/projects/java/procesos_tdp/generacion-excel-bluebook/target/surefire/surefirebooter9897060869169112732.jar /home/jaccro/projects/java/procesos_tdp/generacion-excel-bluebook/target/surefire 2021-09-19T00-22-39_386-jvmRun1 surefire5928421896504425571tmp surefire_010588744734722202321tmp"/>
    <property name="jdk.debug" value="release"/>
    <property name="surefire.test.class.path" value="/home/jaccro/projects/java/procesos_tdp/generacion-excel-bluebook/target/test-classes:/home/jaccro/projects/java/procesos_tdp/generacion-excel-bluebook/target/classes:/home/jaccro/.m2/repository/junit/junit/4.11/junit-4.11.jar:/home/jaccro/.m2/repository/org/hamcrest/hamcrest-core/1.3/hamcrest-core-1.3.jar:/home/jaccro/.m2/repository/org/apache/poi/poi/4.1.2/poi-4.1.2.jar:/home/jaccro/.m2/repository/commons-codec/commons-codec/1.13/commons-codec-1.13.jar:/home/jaccro/.m2/repository/org/apache/commons/commons-collections4/4.4/commons-collections4-4.4.jar:/home/jaccro/.m2/repository/org/apache/commons/commons-math3/3.6.1/commons-math3-3.6.1.jar:/home/jaccro/.m2/repository/com/zaxxer/SparseBitSet/1.2/SparseBitSet-1.2.jar:/home/jaccro/.m2/repository/org/apache/poi/poi-ooxml/4.1.2/poi-ooxml-4.1.2.jar:/home/jaccro/.m2/repository/org/apache/poi/poi-ooxml-schemas/4.1.2/poi-ooxml-schemas-4.1.2.jar:/home/jaccro/.m2/repository/org/apache/xmlbeans/xmlbeans/3.1.0/xmlbeans-3.1.0.jar:/home/jaccro/.m2/repository/org/apache/commons/commons-compress/1.19/commons-compress-1.19.jar:/home/jaccro/.m2/repository/com/github/virtuald/curvesapi/1.06/curvesapi-1.06.jar:/home/jaccro/.m2/repository/com/ibm/db2/jcc/11.1.4.4/jcc-11.1.4.4.jar:/home/jaccro/.m2/repository/org/projectlombok/lombok/1.18.12/lombok-1.18.12.jar:/home/jaccro/.m2/repository/org/apache/commons/commons-dbcp2/2.9.0/commons-dbcp2-2.9.0.jar:/home/jaccro/.m2/repository/org/apache/commons/commons-pool2/2.10.0/commons-pool2-2.10.0.jar:/home/jaccro/.m2/repository/commons-logging/commons-logging/1.2/commons-logging-1.2.jar:/home/jaccro/.m2/repository/org/apache/logging/log4j/log4j-core/2.13.3/log4j-core-2.13.3.jar:/home/jaccro/.m2/repository/org/apache/logging/log4j/log4j-api/2.13.3/log4j-api-2.13.3.jar:"/>
    <property name="sun.cpu.endian" value="little"/>
    <property name="user.home" value="/home/jaccro"/>
    <property name="user.language" value="es"/>
    <property name="java.specification.vendor" value="Oracle Corporation"/>
    <property name="java.version.date" value="2019-01-15"/>
    <property name="java.home" value="/opt/jdk11"/>
    <property name="file.separator" value="/"/>
    <property name="basedir" value="/home/jaccro/projects/java/procesos_tdp/generacion-excel-bluebook"/>
    <property name="java.vm.compressedOopsMode" value="Zero based"/>
    <property name="line.separator" value="&#10;"/>
    <property name="java.specification.name" value="Java Platform API Specification"/>
    <property name="java.vm.specification.vendor" value="Oracle Corporation"/>
    <property name="java.awt.graphicsenv" value="sun.awt.X11GraphicsEnvironment"/>
    <property name="surefire.real.class.path" value="/home/jaccro/projects/java/procesos_tdp/generacion-excel-bluebook/target/surefire/surefirebooter9897060869169112732.jar"/>
    <property name="sun.management.compiler" value="HotSpot 64-Bit Tiered Compilers"/>
    <property name="java.runtime.version" value="11.0.2+9"/>
    <property name="user.name" value="jaccro"/>
    <property name="path.separator" value=":"/>
    <property name="os.version" value="5.13.12-200.fc34.x86_64"/>
    <property name="java.runtime.name" value="OpenJDK Runtime Environment"/>
    <property name="file.encoding" value="UTF-8"/>
    <property name="java.vm.name" value="OpenJDK 64-Bit Server VM"/>
    <property name="java.vendor.version" value="18.9"/>
    <property name="localRepository" value="/home/jaccro/.m2/repository"/>
    <property name="java.vendor.url.bug" value="http://bugreport.java.com/bugreport/"/>
    <property name="java.io.tmpdir" value="/tmp"/>
    <property name="java.version" value="11.0.2"/>
    <property name="user.dir" value="/home/jaccro/projects/java/procesos_tdp/generacion-excel-bluebook"/>
    <property name="os.arch" value="amd64"/>
    <property name="java.vm.specification.name" value="Java Virtual Machine Specification"/>
    <property name="java.awt.printerjob" value="sun.print.PSPrinterJob"/>
    <property name="sun.os.patch.level" value="unknown"/>
    <property name="java.library.path" value="/usr/java/packages/lib:/usr/lib64:/lib64:/lib:/usr/lib"/>
    <property name="java.vendor" value="Oracle Corporation"/>
    <property name="java.vm.info" value="mixed mode"/>
    <property name="java.vm.version" value="11.0.2+9"/>
    <property name="sun.io.unicode.encoding" value="UnicodeLittle"/>
    <property name="java.class.version" value="55.0"/>
  </properties>
  <testcase name="shouldAnswerWithTrue" classname="com.jaccro.AppTest" time="0.002"/>
</testsuite>